<?xml version="1.0" encoding="UTF-8"?>
<!-- Generated by org.testng.reporters.JUnitReportReporter -->
<testsuite hostname="DESKTOP-LHMO7C5" failures="0" tests="1" name="com.model.testsuite.testing" time="12.987" errors="0" timestamp="2 Feb 2024 05:25:20 GMT">
  <testcase classname="com.model.testsuite.testing" name="testexec" time="12.987"/>
</testsuite> <!-- com.model.testsuite.testing -->
