<?xml version="1.0" encoding="UTF-8"?>
<!-- Generated by org.testng.reporters.JUnitReportReporter -->
<testsuite hostname="DESKTOP-LHMO7C5" failures="0" tests="1" name="com.testsuite.regtest" time="14.834" errors="0" timestamp="2024-01-31T16:07:51 IST" skipped="0">
  <testcase classname="com.testsuite.regtest" name="registertest" time="14.834"/>
  <system-out/>
</testsuite> <!-- com.testsuite.regtest -->
